<?xml version="1.0" encoding="UTF-8"?>
<!-- Generated by org.testng.reporters.JUnitReportReporter -->
<testsuite hostname="INBLRWIT241693" name="FirstMavenProject.FirstMavenProject1.GroupsInTestNG" tests="2" failures="0" timestamp="28 Sep 2018 15:45:50 GMT" time="0.027" errors="0">
  <testcase name="test3" time="0.006" classname="FirstMavenProject.FirstMavenProject1.GroupsInTestNG"/>
  <testcase name="test1" time="0.021" classname="FirstMavenProject.FirstMavenProject1.GroupsInTestNG"/>
</testsuite> <!-- FirstMavenProject.FirstMavenProject1.GroupsInTestNG -->
