<?xml version="1.0" encoding="UTF-8"?>
<!-- Generated by org.testng.reporters.JUnitReportReporter -->
<testsuite hostname="INBLRWIT241693" name="FirstMavenProject1.DependsOnMethods" tests="4" failures="0" timestamp="28 Sep 2018 15:56:11 GMT" time="0.027" errors="0">
  <testcase name="test2" time="0.001" classname="FirstMavenProject1.DependsOnMethods"/>
  <testcase name="test4" time="0.007" classname="FirstMavenProject1.DependsOnMethods"/>
  <testcase name="test3" time="0.002" classname="FirstMavenProject1.DependsOnMethods"/>
  <testcase name="test1" time="0.017" classname="FirstMavenProject1.DependsOnMethods"/>
</testsuite> <!-- FirstMavenProject1.DependsOnMethods -->
